#
# A fatal error has been detected by the Java Runtime Environment:
#
#  SIGBUS (0xa) at pc=0x000000010f5a2d50, pid=9327, tid=0x000000000001310b
#
# JRE version: OpenJDK Runtime Environment (8.0_152-b01) (build 1.8.0_152-release-1024-b01)
# Java VM: OpenJDK 64-Bit Server VM (25.152-b01 mixed mode bsd-amd64 compressed oops)
# Problematic frame:
# C  [libzip.dylib+0x3d50]  newEntry+0x5a
#
# Failed to write core dump. Core dumps have been disabled. To enable core dumping, try "ulimit -c unlimited" before starting Java again
#
# If you would like to submit a bug report, please visit:
#   http://bugreport.java.com/bugreport/crash.jsp
# The crash happened outside the Java Virtual Machine in native code.
# See problematic frame for where to report the bug.
#

---------------  T H R E A D  ---------------

Current thread (0x00007ff987ba8000):  JavaThread "Timer-1" daemon [_thread_in_native, id=78091, stack(0x000070000faef000,0x000070000fbef000)]

siginfo: si_signo: 10 (SIGBUS), si_code: 2 (BUS_ADRERR), si_addr: 0x0000000129701a05

Registers:
RAX=0x0000000000000000, RBX=0x0000000000000001, RCX=0x0000000000000000, RDX=0x0000000000000003
RSP=0x000070000fbee130, RBP=0x000070000fbee1d0, RSI=0x0000000000000005, RDI=0x000000010ea4f080
R8 =0x000000010f254680, R9 =0x000000010f24fdfb, R10=0x0000000117cee704, R11=0x00000000f2bdedd2
R12=0x00007ff989a39250, R13=0x00007ff98777f160, R14=0x00000001297019e9, R15=0x00007ff9882c6300
RIP=0x000000010f5a2d50, EFLAGS=0x0000000000010202, ERR=0x0000000000000004
  TRAPNO=0x000000000000000e

Top of Stack: (sp=0x000070000fbee130)
0x000070000fbee130:   00007ff989b4a768 00007ff989d0bb10
0x000070000fbee140:   000070000fbee1c0 00007ff989d00000
0x000070000fbee150:   00007ff989d0bb10 00007ff989d0bb50
0x000070000fbee160:   000000010ea53800 0000000000000003
0x000070000fbee170:   00007ff989dfc09c 000000010ea53800
0x000070000fbee180:   000070000fbee1b0 000000010ee71775
0x000070000fbee190:   000000010f276c98 00007ff989a39310
0x000070000fbee1a0:   00007ff989a39250 0000000000000190
0x000070000fbee1b0:   0000000000000000 000070000fbee2f8
0x000070000fbee1c0:   00007ff989a39250 00007ff987ba8000
0x000070000fbee1d0:   000070000fbee1f0 000000010f5a33dc
0x000070000fbee1e0:   0000000000000000 000070000fbee230
0x000070000fbee1f0:   000070000fbee240 0000000117cee776
0x000070000fbee200:   0000004187ba8000 0000000795ef75f8
0x000070000fbee210:   0000000795ef6e90 0000000000000000
0x000070000fbee220:   000070000fbee230 00007ff987ba8000
0x000070000fbee230:   0000000740000b98 0000000117968545
0x000070000fbee240:   0000000000000256 0000000117d044d4
0x000070000fbee250:   0000000795ef7550 0000000795ef7568
0x000070000fbee260:   f2bdedd2f2bdedd2 0000000795ef6e90
0x000070000fbee270:   00007ff987778a20 0000000795ef6e90
0x000070000fbee280:   0000000795f30f20 0000000100000041
0x000070000fbee290:   0000000795f30fc8 0000000795f18f40
0x000070000fbee2a0:   000000000000009d 0000000000000098
0x000070000fbee2b0:   0000000114e55b36 000070000fbee2f8
0x000070000fbee2c0:   0000000114e570f8 0000000000000000
0x000070000fbee2d0:   000070000fbee340 00000001179007d0
0x000070000fbee2e0:   000070000fbee340 0000000117900e54
0x000070000fbee2f0:   0000000117900e54 0000000795ef7550
0x000070000fbee300:   000070000fbee300 000000012ab4a923
0x000070000fbee310:   000070000fbee3e0 000000012ab4aea8
0x000070000fbee320:   0000000000000000 000000012ab4ac80 

Instructions: (pc=0x000000010f5a2d50)
0x000000010f5a2d30:   89 45 28 41 80 7c 24 30 00 89 5d ac 0f 84 ea 00
0x000000010f5a2d40:   00 00 4d 8b 74 24 18 4d 03 77 08 4d 2b 74 24 28
0x000000010f5a2d50:   41 0f b6 46 1c 41 0f b6 5e 1d c1 e3 08 09 c3 41
0x000000010f5a2d60:   0f b6 46 1e 89 45 b8 41 0f b6 46 1f 89 45 bc 41 

Register to memory mapping:

RAX=0x0000000000000000 is an unknown value
RBX=0x0000000000000001 is an unknown value
RCX=0x0000000000000000 is an unknown value
RDX=0x0000000000000003 is an unknown value
RSP=0x000070000fbee130 is pointing into the stack for thread: 0x00007ff987ba8000
RBP=0x000070000fbee1d0 is pointing into the stack for thread: 0x00007ff987ba8000
RSI=0x0000000000000005 is an unknown value
RDI=0x000000010ea4f080 is an unknown value
R8 =0x000000010f254680: _ZN2os16_processor_countE+0 in /Applications/Android Studio 3.app/Contents/jre/jdk/Contents/Home/jre/lib/server/libjvm.dylib at 0x000000010ea5d000
R9 =0x000000010f24fdfb: AssumeMP+0 in /Applications/Android Studio 3.app/Contents/jre/jdk/Contents/Home/jre/lib/server/libjvm.dylib at 0x000000010ea5d000
R10=0x0000000117cee704 is at entry_point+68 in (nmethod*)0x0000000117cee550
R11=0x00000000f2bdedd2 is an unknown value
R12=0x00007ff989a39250 is an unknown value
R13=0x00007ff98777f160 is an unknown value
R14=0x00000001297019e9 is an unknown value
R15=0x00007ff9882c6300 is an unknown value


Stack: [0x000070000faef000,0x000070000fbef000],  sp=0x000070000fbee130,  free space=1020k
Native frames: (J=compiled Java code, j=interpreted, Vv=VM code, C=native code)
C  [libzip.dylib+0x3d50]  newEntry+0x5a
C  [libzip.dylib+0x43dc]  ZIP_GetNextEntry+0x37
J 1051  java.util.zip.ZipFile.getNextEntry(JI)J (0 bytes) @ 0x0000000117cee776 [0x0000000117cee6c0+0xb6]
J 1065 C2 java.util.jar.JarFile$JarEntryIterator.nextElement()Ljava/lang/Object; (5 bytes) @ 0x0000000117d044d4 [0x0000000117d043e0+0xf4]
j  org.mortbay.jetty.webapp.TagLibConfiguration.configureWebApp()V+515
j  org.mortbay.jetty.webapp.WebAppContext.startContext()V+114
j  org.mortbay.jetty.handler.ContextHandler.doStart()V+140
j  org.mortbay.jetty.webapp.WebAppContext.doStart()V+220
j  org.mortbay.component.AbstractLifeCycle.start()V+31
j  org.mortbay.jetty.handler.HandlerWrapper.doStart()V+11
j  org.mortbay.component.AbstractLifeCycle.start()V+31
j  com.google.appengine.tools.development.JettyContainerService.reloadWebApp()V+155
j  com.google.appengine.tools.development.JettyContainerService$ScannerListener.fileChanged(Ljava/lang/String;)V+26
j  org.mortbay.util.Scanner.reportChange(Ljava/lang/String;)V+38
j  org.mortbay.util.Scanner.reportDifferences(Ljava/util/Map;Ljava/util/Map;)V+199
J 2434 C2 org.mortbay.util.Scanner.scan()V (39 bytes) @ 0x0000000117e66a74 [0x0000000117e65660+0x1414]
J 2439 C2 org.mortbay.util.Scanner$1.run()V (8 bytes) @ 0x0000000117cd58a0 [0x0000000117cd5860+0x40]
j  java.util.TimerThread.mainLoop()V+221
j  java.util.TimerThread.run()V+1
v  ~StubRoutines::call_stub
V  [libjvm.dylib+0x2c062b]  JavaCalls::call_helper(JavaValue*, methodHandle*, JavaCallArguments*, Thread*)+0x597
V  [libjvm.dylib+0x2bf754]  JavaCalls::call_virtual(JavaValue*, KlassHandle, Symbol*, Symbol*, JavaCallArguments*, Thread*)+0x13e
V  [libjvm.dylib+0x2bf893]  JavaCalls::call_virtual(JavaValue*, Handle, KlassHandle, Symbol*, Symbol*, Thread*)+0x57
V  [libjvm.dylib+0x30410a]  thread_entry(JavaThread*, Thread*)+0x78
V  [libjvm.dylib+0x505e88]  JavaThread::thread_main_inner()+0x82
V  [libjvm.dylib+0x505d4d]  JavaThread::run()+0x199
V  [libjvm.dylib+0x435709]  java_start(Thread*)+0xfa
C  [libsystem_pthread.dylib+0x3305]  _pthread_body+0x7e
C  [libsystem_pthread.dylib+0x626f]  _pthread_start+0x46
C  [libsystem_pthread.dylib+0x2415]  thread_start+0xd
C  0x0000000000000000

Java frames: (J=compiled Java code, j=interpreted, Vv=VM code)
J 1051  java.util.zip.ZipFile.getNextEntry(JI)J (0 bytes) @ 0x0000000117cee704 [0x0000000117cee6c0+0x44]
J 1065 C2 java.util.jar.JarFile$JarEntryIterator.nextElement()Ljava/lang/Object; (5 bytes) @ 0x0000000117d044d4 [0x0000000117d043e0+0xf4]
j  org.mortbay.jetty.webapp.TagLibConfiguration.configureWebApp()V+515
j  org.mortbay.jetty.webapp.WebAppContext.startContext()V+114
j  org.mortbay.jetty.handler.ContextHandler.doStart()V+140
j  org.mortbay.jetty.webapp.WebAppContext.doStart()V+220
j  org.mortbay.component.AbstractLifeCycle.start()V+31
j  org.mortbay.jetty.handler.HandlerWrapper.doStart()V+11
j  org.mortbay.component.AbstractLifeCycle.start()V+31
j  com.google.appengine.tools.development.JettyContainerService.reloadWebApp()V+155
j  com.google.appengine.tools.development.JettyContainerService$ScannerListener.fileChanged(Ljava/lang/String;)V+26
j  org.mortbay.util.Scanner.reportChange(Ljava/lang/String;)V+38
j  org.mortbay.util.Scanner.reportDifferences(Ljava/util/Map;Ljava/util/Map;)V+199
J 2434 C2 org.mortbay.util.Scanner.scan()V (39 bytes) @ 0x0000000117e66a74 [0x0000000117e65660+0x1414]
J 2439 C2 org.mortbay.util.Scanner$1.run()V (8 bytes) @ 0x0000000117cd58a0 [0x0000000117cd5860+0x40]
j  java.util.TimerThread.mainLoop()V+221
j  java.util.TimerThread.run()V+1
v  ~StubRoutines::call_stub

---------------  P R O C E S S  ---------------

Java Threads: ( => current thread )
=>0x00007ff987ba8000 JavaThread "Timer-1" daemon [_thread_in_native, id=78091, stack(0x000070000faef000,0x000070000fbef000)]
  0x00007ff988a22000 JavaThread "433874882@qtp-1366025231-1 - Acceptor0 SelectChannelConnector@localhost:8080" [_thread_in_native, id=78867, stack(0x000070000f8e9000,0x000070000f9e9000)]
  0x00007ff988287800 JavaThread "2008966511@qtp-1366025231-0" [_thread_blocked, id=39971, stack(0x000070000f55a000,0x000070000f65a000)]
  0x00007ff989147800 JavaThread "Timer-0" daemon [_thread_blocked, id=51979, stack(0x000070000f7e6000,0x000070000f8e6000)]
  0x00007ff9880c3800 JavaThread "AWT-AppKit" daemon [_thread_in_native, id=775, stack(0x00007ffee09c9000,0x00007ffee11c9000)]
  0x00007ff989058000 JavaThread "Service Thread" daemon [_thread_blocked, id=17667, stack(0x000070000f354000,0x000070000f454000)]
  0x00007ff98784c000 JavaThread "C1 CompilerThread2" daemon [_thread_blocked, id=18179, stack(0x000070000f251000,0x000070000f351000)]
  0x00007ff98882a000 JavaThread "C2 CompilerThread1" daemon [_thread_blocked, id=18691, stack(0x000070000f14e000,0x000070000f24e000)]
  0x00007ff989057000 JavaThread "C2 CompilerThread0" daemon [_thread_in_native, id=13827, stack(0x000070000f04b000,0x000070000f14b000)]
  0x00007ff98902b000 JavaThread "Signal Dispatcher" daemon [_thread_blocked, id=18947, stack(0x000070000ef48000,0x000070000f048000)]
  0x00007ff988811800 JavaThread "Finalizer" daemon [_thread_blocked, id=20483, stack(0x000070000ee45000,0x000070000ef45000)]
  0x00007ff98902a800 JavaThread "Reference Handler" daemon [_thread_blocked, id=11779, stack(0x000070000ed42000,0x000070000ee42000)]
  0x00007ff988802800 JavaThread "main" [_thread_blocked, id=6147, stack(0x000070000e730000,0x000070000e830000)]

Other Threads:
  0x00007ff988009000 VMThread [stack: 0x000070000ec3f000,0x000070000ed3f000] [id=11523]
  0x00007ff988046800 WatcherThread [stack: 0x000070000f457000,0x000070000f557000] [id=17411]

VM state:not at safepoint (normal execution)

VM Mutex/Monitor currently owned by a thread: None

Heap:
 PSYoungGen      total 25088K, used 10436K [0x0000000795580000, 0x0000000797680000, 0x00000007c0000000)
  eden space 24576K, 40% used [0x0000000795580000,0x0000000795f319e8,0x0000000796d80000)
  from space 512K, 99% used [0x0000000797600000,0x000000079767f970,0x0000000797680000)
  to   space 1024K, 0% used [0x0000000797480000,0x0000000797480000,0x0000000797580000)
 ParOldGen       total 46592K, used 9205K [0x0000000740000000, 0x0000000742d80000, 0x0000000795580000)
  object space 46592K, 19% used [0x0000000740000000,0x00000007408fd698,0x0000000742d80000)
 Metaspace       used 25995K, capacity 26316K, committed 26624K, reserved 1073152K
  class space    used 2954K, capacity 3064K, committed 3072K, reserved 1048576K

Card table byte_map: [0x00000001101c0000,0x00000001105c1000] byte_map_base: 0x000000010c7c0000

Marking Bits: (ParMarkBitMap*) 0x000000010f2551c8
 Begin Bits: [0x000000011086c000, 0x000000011286c000)
 End Bits:   [0x000000011286c000, 0x000000011486c000)

Polling page: 0x000000010f505000

CodeCache: size=245760Kb used=8444Kb max_used=8599Kb free=237315Kb
 bounds [0x00000001178f9000, 0x0000000118189000, 0x00000001268f9000]
 total_blobs=2453 nmethods=2032 adapters=335
 compilation: enabled

Compilation events (10 events):
Event: 46018.763 Thread 0x00007ff98882a000 2541       4       sun.nio.cs.UTF_8$Decoder::decode (779 bytes)
Event: 46018.806 Thread 0x00007ff989057000 nmethod 2522 0x0000000117fe9890 code [0x0000000117fe9a80, 0x0000000117fea968]
Event: 46018.806 Thread 0x00007ff989057000 2525       4       org.mortbay.xml.XmlParser$Handler::characters (81 bytes)
Event: 46018.826 Thread 0x00007ff98882a000 nmethod 2541 0x0000000117dfeb90 code [0x0000000117dfeec0, 0x0000000117e00290]
Event: 46018.835 Thread 0x00007ff98882a000 2542       4       java.net.URI::<init> (53 bytes)
Event: 46018.838 Thread 0x00007ff98882a000 nmethod 2542 0x0000000117e61010 code [0x0000000117e61160, 0x0000000117e612a8]
Event: 46018.853 Thread 0x00007ff98784c000 2543       3       java.util.regex.Matcher::end (22 bytes)
Event: 46018.853 Thread 0x00007ff98784c000 nmethod 2543 0x0000000117ceed90 code [0x0000000117ceef00, 0x0000000117cef168]
Event: 46018.854 Thread 0x00007ff98784c000 2544       3       java.util.Formatter$FormatSpecifier::print (243 bytes)
Event: 46018.856 Thread 0x00007ff98784c000 nmethod 2544 0x0000000117d87e10 code [0x0000000117d88060, 0x0000000117d88928]

GC Heap History (10 events):
Event: 44091.608 GC heap before
{Heap before GC invocations=83 (full 1):
 PSYoungGen      total 25088K, used 24864K [0x0000000795580000, 0x0000000797680000, 0x00000007c0000000)
  eden space 24576K, 100% used [0x0000000795580000,0x0000000796d80000,0x0000000796d80000)
  from space 512K, 56% used [0x0000000797580000,0x00000007975c8000,0x0000000797600000)
  to   space 512K, 0% used [0x0000000797600000,0x0000000797600000,0x0000000797680000)
 ParOldGen       total 46592K, used 8935K [0x0000000740000000, 0x0000000742d80000, 0x0000000795580000)
  object space 46592K, 19% used [0x0000000740000000,0x00000007408b9f48,0x0000000742d80000)
 Metaspace       used 25923K, capacity 26252K, committed 26368K, reserved 1073152K
  class space    used 2950K, capacity 3064K, committed 3072K, reserved 1048576K
Event: 44091.611 GC heap after
Heap after GC invocations=83 (full 1):
 PSYoungGen      total 25088K, used 288K [0x0000000795580000, 0x0000000797680000, 0x00000007c0000000)
  eden space 24576K, 0% used [0x0000000795580000,0x0000000795580000,0x0000000796d80000)
  from space 512K, 56% used [0x0000000797600000,0x0000000797648000,0x0000000797680000)
  to   space 512K, 0% used [0x0000000797580000,0x0000000797580000,0x0000000797600000)
 ParOldGen       total 46592K, used 8935K [0x0000000740000000, 0x0000000742d80000, 0x0000000795580000)
  object space 46592K, 19% used [0x0000000740000000,0x00000007408b9f48,0x0000000742d80000)
 Metaspace       used 25923K, capacity 26252K, committed 26368K, reserved 1073152K
  class space    used 2950K, capacity 3064K, committed 3072K, reserved 1048576K
}
Event: 44595.537 GC heap before
{Heap before GC invocations=84 (full 1):
 PSYoungGen      total 25088K, used 24864K [0x0000000795580000, 0x0000000797680000, 0x00000007c0000000)
  eden space 24576K, 100% used [0x0000000795580000,0x0000000796d80000,0x0000000796d80000)
  from space 512K, 56% used [0x0000000797600000,0x0000000797648000,0x0000000797680000)
  to   space 512K, 0% used [0x0000000797580000,0x0000000797580000,0x0000000797600000)
 ParOldGen       total 46592K, used 8935K [0x0000000740000000, 0x0000000742d80000, 0x0000000795580000)
  object space 46592K, 19% used [0x0000000740000000,0x00000007408b9f48,0x0000000742d80000)
 Metaspace       used 25923K, capacity 26252K, committed 26368K, reserved 1073152K
  class space    used 2950K, capacity 3064K, committed 3072K, reserved 1048576K
Event: 44595.540 GC heap after
Heap after GC invocations=84 (full 1):
 PSYoungGen      total 25088K, used 288K [0x0000000795580000, 0x0000000797680000, 0x00000007c0000000)
  eden space 24576K, 0% used [0x0000000795580000,0x0000000795580000,0x0000000796d80000)
  from space 512K, 56% used [0x0000000797580000,0x00000007975c8000,0x0000000797600000)
  to   space 512K, 0% used [0x0000000797600000,0x0000000797600000,0x0000000797680000)
 ParOldGen       total 46592K, used 8935K [0x0000000740000000, 0x0000000742d80000, 0x0000000795580000)
  object space 46592K, 19% used [0x0000000740000000,0x00000007408b9f48,0x0000000742d80000)
 Metaspace       used 25923K, capacity 26252K, committed 26368K, reserved 1073152K
  class space    used 2950K, capacity 3064K, committed 3072K, reserved 1048576K
}
Event: 45082.802 GC heap before
{Heap before GC invocations=85 (full 1):
 PSYoungGen      total 25088K, used 24864K [0x0000000795580000, 0x0000000797680000, 0x00000007c0000000)
  eden space 24576K, 100% used [0x0000000795580000,0x0000000796d80000,0x0000000796d80000)
  from space 512K, 56% used [0x0000000797580000,0x00000007975c8000,0x0000000797600000)
  to   space 512K, 0% used [0x0000000797600000,0x0000000797600000,0x0000000797680000)
 ParOldGen       total 46592K, used 8935K [0x0000000740000000, 0x0000000742d80000, 0x0000000795580000)
  object space 46592K, 19% used [0x0000000740000000,0x00000007408b9f48,0x0000000742d80000)
 Metaspace       used 25923K, capacity 26252K, committed 26368K, reserved 1073152K
  class space    used 2950K, capacity 3064K, committed 3072K, reserved 1048576K
Event: 45082.823 GC heap after
Heap after GC invocations=85 (full 1):
 PSYoungGen      total 25088K, used 288K [0x0000000795580000, 0x0000000797680000, 0x00000007c0000000)
  eden space 24576K, 0% used [0x0000000795580000,0x0000000795580000,0x0000000796d80000)
  from space 512K, 56% used [0x0000000797600000,0x0000000797648000,0x0000000797680000)
  to   space 512K, 0% used [0x0000000797580000,0x0000000797580000,0x0000000797600000)
 ParOldGen       total 46592K, used 8935K [0x0000000740000000, 0x0000000742d80000, 0x0000000795580000)
  object space 46592K, 19% used [0x0000000740000000,0x00000007408b9f48,0x0000000742d80000)
 Metaspace       used 25923K, capacity 26252K, committed 26368K, reserved 1073152K
  class space    used 2950K, capacity 3064K, committed 3072K, reserved 1048576K
}
Event: 45573.108 GC heap before
{Heap before GC invocations=86 (full 1):
 PSYoungGen      total 25088K, used 24864K [0x0000000795580000, 0x0000000797680000, 0x00000007c0000000)
  eden space 24576K, 100% used [0x0000000795580000,0x0000000796d80000,0x0000000796d80000)
  from space 512K, 56% used [0x0000000797600000,0x0000000797648000,0x0000000797680000)
  to   space 512K, 0% used [0x0000000797580000,0x0000000797580000,0x0000000797600000)
 ParOldGen       total 46592K, used 8935K [0x0000000740000000, 0x0000000742d80000, 0x0000000795580000)
  object space 46592K, 19% used [0x0000000740000000,0x00000007408b9f48,0x0000000742d80000)
 Metaspace       used 25923K, capacity 26252K, committed 26368K, reserved 1073152K
  class space    used 2950K, capacity 3064K, committed 3072K, reserved 1048576K
Event: 45573.111 GC heap after
Heap after GC invocations=86 (full 1):
 PSYoungGen      total 25088K, used 256K [0x0000000795580000, 0x0000000797680000, 0x00000007c0000000)
  eden space 24576K, 0% used [0x0000000795580000,0x0000000795580000,0x0000000796d80000)
  from space 512K, 50% used [0x0000000797580000,0x00000007975c0000,0x0000000797600000)
  to   space 512K, 0% used [0x0000000797600000,0x0000000797600000,0x0000000797680000)
 ParOldGen       total 46592K, used 8935K [0x0000000740000000, 0x0000000742d80000, 0x0000000795580000)
  object space 46592K, 19% used [0x0000000740000000,0x00000007408b9f48,0x0000000742d80000)
 Metaspace       used 25923K, capacity 26252K, committed 26368K, reserved 1073152K
  class space    used 2950K, capacity 3064K, committed 3072K, reserved 1048576K
}
Event: 46018.726 GC heap before
{Heap before GC invocations=87 (full 1):
 PSYoungGen      total 25088K, used 24832K [0x0000000795580000, 0x0000000797680000, 0x00000007c0000000)
  eden space 24576K, 100% used [0x0000000795580000,0x0000000796d80000,0x0000000796d80000)
  from space 512K, 50% used [0x0000000797580000,0x00000007975c0000,0x0000000797600000)
  to   space 512K, 0% used [0x0000000797600000,0x0000000797600000,0x0000000797680000)
 ParOldGen       total 46592K, used 8935K [0x0000000740000000, 0x0000000742d80000, 0x0000000795580000)
  object space 46592K, 19% used [0x0000000740000000,0x00000007408b9f48,0x0000000742d80000)
 Metaspace       used 25971K, capacity 26252K, committed 26368K, reserved 1073152K
  class space    used 2952K, capacity 3064K, committed 3072K, reserved 1048576K
Event: 46018.730 GC heap after
Heap after GC invocations=87 (full 1):
 PSYoungGen      total 25088K, used 510K [0x0000000795580000, 0x0000000797680000, 0x00000007c0000000)
  eden space 24576K, 0% used [0x0000000795580000,0x0000000795580000,0x0000000796d80000)
  from space 512K, 99% used [0x0000000797600000,0x000000079767f970,0x0000000797680000)
  to   space 1024K, 0% used [0x0000000797480000,0x0000000797480000,0x0000000797580000)
 ParOldGen       total 46592K, used 9205K [0x0000000740000000, 0x0000000742d80000, 0x0000000795580000)
  object space 46592K, 19% used [0x0000000740000000,0x00000007408fd698,0x0000000742d80000)
 Metaspace       used 25971K, capacity 26252K, committed 26368K, reserved 1073152K
  class space    used 2952K, capacity 3064K, committed 3072K, reserved 1048576K
}

Deoptimization events (10 events):
Event: 46018.402 Thread 0x00007ff987ba8000 Uncommon trap: reason=class_check action=maybe_recompile pc=0x0000000117aaceac method=java.util.Collections$SynchronizedCollection.iterator()Ljava/util/Iterator; @ 4
Event: 46018.452 Thread 0x00007ff987ba8000 Uncommon trap: reason=unstable_if action=reinterpret pc=0x0000000117bf3800 method=java.util.HashMap.clear()V @ 16
Event: 46018.465 Thread 0x00007ff987ba8000 Uncommon trap: reason=class_check action=maybe_recompile pc=0x0000000117aaceac method=java.util.Collections$SynchronizedCollection.iterator()Ljava/util/Iterator; @ 4
Event: 46018.474 Thread 0x00007ff987ba8000 Uncommon trap: reason=unstable_if action=reinterpret pc=0x0000000117ccbf34 method=java.util.AbstractCollection.addAll(Ljava/util/Collection;)Z @ 32
Event: 46018.514 Thread 0x00007ff987ba8000 Uncommon trap: reason=class_check action=maybe_recompile pc=0x0000000117aaceac method=java.util.Collections$SynchronizedCollection.iterator()Ljava/util/Iterator; @ 4
Event: 46018.517 Thread 0x00007ff987ba8000 Uncommon trap: reason=class_check action=maybe_recompile pc=0x0000000117aaceac method=java.util.Collections$SynchronizedCollection.iterator()Ljava/util/Iterator; @ 4
Event: 46018.531 Thread 0x00007ff987ba8000 Uncommon trap: reason=unstable_if action=reinterpret pc=0x0000000117e54fb8 method=org.mortbay.component.AbstractLifeCycle.isRunning()Z @ 5
Event: 46018.531 Thread 0x00007ff987ba8000 Uncommon trap: reason=unstable_if action=reinterpret pc=0x0000000117e2a534 method=org.mortbay.jetty.handler.ContextHandler.getBaseResource()Lorg/mortbay/resource/Resource; @ 4
Event: 46018.715 Thread 0x00007ff987ba8000 Uncommon trap: reason=unstable_if action=reinterpret pc=0x0000000117f28d68 method=org.mortbay.resource.Resource.newResource(Ljava/net/URL;Z)Lorg/mortbay/resource/Resource; @ 17
Event: 46018.740 Thread 0x00007ff987ba8000 Uncommon trap: reason=unstable_if action=reinterpret pc=0x0000000117e74a18 method=java.io.UnixFileSystem.fromURIPath(Ljava/lang/String;)Ljava/lang/String; @ 8

Classes redefined (0 events):
No events

Internal exceptions (10 events):
Event: 46018.518 Thread 0x00007ff987ba8000 Exception <a 'java/io/IOException'> (0x0000000796b49af0) thrown at [/Volumes/android/AOSP-openjdk-git/jdk8u/hotspot/src/share/vm/prims/jni.cpp, line 709]
Event: 46018.550 Thread 0x00007ff987ba8000 Exception <a 'java/io/IOException'> (0x0000000796bb7f58) thrown at [/Volumes/android/AOSP-openjdk-git/jdk8u/hotspot/src/share/vm/prims/jni.cpp, line 709]
Event: 46018.658 Thread 0x00007ff987ba8000 Exception <a 'java/util/zip/ZipException'> (0x0000000796ce4e28) thrown at [/Volumes/android/AOSP-openjdk-git/jdk8u/hotspot/src/share/vm/prims/jni.cpp, line 709]
Event: 46018.658 Thread 0x00007ff987ba8000 Exception <a 'java/security/PrivilegedActionException'> (0x0000000796ce5218) thrown at [/Volumes/android/AOSP-openjdk-git/jdk8u/hotspot/src/share/vm/prims/jvm.cpp, line 1390]
Event: 46018.658 Thread 0x00007ff987ba8000 Exception <a 'java/security/PrivilegedActionException'> (0x0000000796ce5428) thrown at [/Volumes/android/AOSP-openjdk-git/jdk8u/hotspot/src/share/vm/prims/jvm.cpp, line 1390]
Event: 46018.671 Thread 0x00007ff987ba8000 Exception <a 'java/util/zip/ZipException'> (0x0000000796cf8e38) thrown at [/Volumes/android/AOSP-openjdk-git/jdk8u/hotspot/src/share/vm/prims/jni.cpp, line 709]
Event: 46018.671 Thread 0x00007ff987ba8000 Exception <a 'java/security/PrivilegedActionException'> (0x0000000796cf9228) thrown at [/Volumes/android/AOSP-openjdk-git/jdk8u/hotspot/src/share/vm/prims/jvm.cpp, line 1390]
Event: 46018.671 Thread 0x00007ff987ba8000 Exception <a 'java/security/PrivilegedActionException'> (0x0000000796cf9438) thrown at [/Volumes/android/AOSP-openjdk-git/jdk8u/hotspot/src/share/vm/prims/jvm.cpp, line 1390]
Event: 46018.850 Thread 0x00007ff987ba8000 Exception <a 'java/util/zip/ZipException'> (0x0000000795edef88) thrown at [/Volumes/android/AOSP-openjdk-git/jdk8u/hotspot/src/share/vm/prims/jni.cpp, line 709]
Event: 46018.854 Thread 0x00007ff987ba8000 Exception <a 'java/io/IOException'> (0x0000000795ef0f60) thrown at [/Volumes/android/AOSP-openjdk-git/jdk8u/hotspot/src/share/vm/prims/jni.cpp, line 709]

Events (10 events):
Event: 46018.825 Thread 0x00007ff987ba8000 DEOPT PACKING pc=0x0000000117ff20ba sp=0x000070000fbee050
Event: 46018.825 Thread 0x00007ff987ba8000 DEOPT UNPACKING pc=0x00000001179404c4 sp=0x000070000fbedef0 mode 0
Event: 46018.826 Thread 0x00007ff987ba8000 DEOPT PACKING pc=0x0000000117ff20ba sp=0x000070000fbee050
Event: 46018.826 Thread 0x00007ff987ba8000 DEOPT UNPACKING pc=0x00000001179404c4 sp=0x000070000fbedef0 mode 0
Event: 46018.850 loading class java/lang/Throwable$WrappedPrintWriter
Event: 46018.851 loading class java/lang/Throwable$PrintStreamOrWriter
Event: 46018.851 loading class java/lang/Throwable$PrintStreamOrWriter done
Event: 46018.851 loading class java/lang/Throwable$WrappedPrintWriter done
Event: 46018.851 loading class java/util/IdentityHashMap$KeySet
Event: 46018.852 loading class java/util/IdentityHashMap$KeySet done


Dynamic libraries:
0x00000000062f5000 	/System/Library/Frameworks/Cocoa.framework/Versions/A/Cocoa
0x00000000062f5000 	/System/Library/Frameworks/Security.framework/Versions/A/Security
0x00000000062f5000 	/System/Library/Frameworks/ApplicationServices.framework/Versions/A/ApplicationServices
0x00000000062f5000 	/usr/lib/libz.1.dylib
0x00000000062f5000 	/usr/lib/libSystem.B.dylib
0x00000000062f5000 	/System/Library/Frameworks/CoreFoundation.framework/Versions/A/CoreFoundation
0x00000000062f5000 	/System/Library/Frameworks/Foundation.framework/Versions/C/Foundation
0x00000000062f5000 	/usr/lib/libobjc.A.dylib
0x00000000062f5000 	/System/Library/Frameworks/AppKit.framework/Versions/C/AppKit
0x00000000062f5000 	/System/Library/Frameworks/CoreData.framework/Versions/A/CoreData
0x00000000062f5000 	/System/Library/PrivateFrameworks/RemoteViewServices.framework/Versions/A/RemoteViewServices
0x00000000062f5000 	/System/Library/PrivateFrameworks/UIFoundation.framework/Versions/A/UIFoundation
0x00000000062f5000 	/System/Library/PrivateFrameworks/XCTTargetBootstrap.framework/Versions/A/XCTTargetBootstrap
0x00000000062f5000 	/System/Library/PrivateFrameworks/IconServices.framework/Versions/A/IconServices
0x00000000062f5000 	/System/Library/Frameworks/Metal.framework/Versions/A/Metal
0x00000000062f5000 	/System/Library/PrivateFrameworks/DesktopServicesPriv.framework/Versions/A/DesktopServicesPriv
0x00000000062f5000 	/usr/lib/libenergytrace.dylib
0x00000000062f5000 	/System/Library/PrivateFrameworks/SkyLight.framework/Versions/A/SkyLight
0x00000000062f5000 	/System/Library/Frameworks/CoreGraphics.framework/Versions/A/CoreGraphics
0x00000000062f5000 	/System/Library/Frameworks/Accelerate.framework/Versions/A/Accelerate
0x00000000062f5000 	/System/Library/Frameworks/IOSurface.framework/Versions/A/IOSurface
0x00000000062f5000 	/System/Library/PrivateFrameworks/DFRFoundation.framework/Versions/A/DFRFoundation
0x00000000062f5000 	/System/Library/Frameworks/AudioToolbox.framework/Versions/A/AudioToolbox
0x00000000062f5000 	/System/Library/Frameworks/AudioUnit.framework/Versions/A/AudioUnit
0x00000000062f5000 	/System/Library/PrivateFrameworks/DataDetectorsCore.framework/Versions/A/DataDetectorsCore
0x00000000062f5000 	/System/Library/Frameworks/Carbon.framework/Versions/A/Frameworks/HIToolbox.framework/Versions/A/HIToolbox
0x00000000062f5000 	/usr/lib/libicucore.A.dylib
0x00000000062f5000 	/System/Library/Frameworks/QuartzCore.framework/Versions/A/QuartzCore
0x00000000062f5000 	/System/Library/Frameworks/Carbon.framework/Versions/A/Frameworks/SpeechRecognition.framework/Versions/A/SpeechRecognition
0x00000000062f5000 	/usr/lib/libauto.dylib
0x00000000062f5000 	/usr/lib/libxml2.2.dylib
0x00000000062f5000 	/System/Library/PrivateFrameworks/CoreUI.framework/Versions/A/CoreUI
0x00000000062f5000 	/System/Library/Frameworks/CoreAudio.framework/Versions/A/CoreAudio
0x00000000062f5000 	/System/Library/Frameworks/DiskArbitration.framework/Versions/A/DiskArbitration
0x00000000062f5000 	/usr/lib/liblangid.dylib
0x00000000062f5000 	/System/Library/PrivateFrameworks/MultitouchSupport.framework/Versions/A/MultitouchSupport
0x00000000062f5000 	/System/Library/Frameworks/IOKit.framework/Versions/A/IOKit
0x00000000062f5000 	/usr/lib/libDiagnosticMessagesClient.dylib
0x00000000062f5000 	/System/Library/Frameworks/CoreServices.framework/Versions/A/CoreServices
0x00000000062f5000 	/System/Library/PrivateFrameworks/PerformanceAnalysis.framework/Versions/A/PerformanceAnalysis
0x00000000062f5000 	/System/Library/Frameworks/OpenGL.framework/Versions/A/OpenGL
0x00000000062f5000 	/System/Library/Frameworks/ColorSync.framework/Versions/A/ColorSync
0x00000000062f5000 	/System/Library/Frameworks/CoreImage.framework/Versions/A/CoreImage
0x00000000062f5000 	/System/Library/Frameworks/CoreText.framework/Versions/A/CoreText
0x00000000062f5000 	/System/Library/Frameworks/ImageIO.framework/Versions/A/ImageIO
0x00000000062f5000 	/System/Library/PrivateFrameworks/Backup.framework/Versions/A/Backup
0x00000000062f5000 	/usr/lib/libarchive.2.dylib
0x00000000062f5000 	/System/Library/Frameworks/CFNetwork.framework/Versions/A/CFNetwork
0x00000000062f5000 	/System/Library/Frameworks/SystemConfiguration.framework/Versions/A/SystemConfiguration
0x00000000062f5000 	/usr/lib/libCRFSuite.dylib
0x00000000062f5000 	/usr/lib/libc++.1.dylib
0x00000000062f5000 	/usr/lib/libc++abi.dylib
0x00000000062f5000 	/usr/lib/system/libcache.dylib
0x00000000062f5000 	/usr/lib/system/libcommonCrypto.dylib
0x00000000062f5000 	/usr/lib/system/libcompiler_rt.dylib
0x00000000062f5000 	/usr/lib/system/libcopyfile.dylib
0x00000000062f5000 	/usr/lib/system/libcorecrypto.dylib
0x00000000062f5000 	/usr/lib/system/libdispatch.dylib
0x00000000062f5000 	/usr/lib/system/libdyld.dylib
0x00000000062f5000 	/usr/lib/system/libkeymgr.dylib
0x00000000062f5000 	/usr/lib/system/liblaunch.dylib
0x00000000062f5000 	/usr/lib/system/libmacho.dylib
0x00000000062f5000 	/usr/lib/system/libquarantine.dylib
0x00000000062f5000 	/usr/lib/system/libremovefile.dylib
0x00000000062f5000 	/usr/lib/system/libsystem_asl.dylib
0x00000000062f5000 	/usr/lib/system/libsystem_blocks.dylib
0x00000000062f5000 	/usr/lib/system/libsystem_c.dylib
0x00000000062f5000 	/usr/lib/system/libsystem_configuration.dylib
0x00000000062f5000 	/usr/lib/system/libsystem_coreservices.dylib
0x00000000062f5000 	/usr/lib/system/libsystem_darwin.dylib
0x00000000062f5000 	/usr/lib/system/libsystem_dnssd.dylib
0x00000000062f5000 	/usr/lib/system/libsystem_info.dylib
0x00000000062f5000 	/usr/lib/system/libsystem_m.dylib
0x00000000062f5000 	/usr/lib/system/libsystem_malloc.dylib
0x00000000062f5000 	/usr/lib/system/libsystem_networkextension.dylib
0x00000000062f5000 	/usr/lib/system/libsystem_notify.dylib
0x00000000062f5000 	/usr/lib/system/libsystem_sandbox.dylib
0x00000000062f5000 	/usr/lib/system/libsystem_secinit.dylib
0x00000000062f5000 	/usr/lib/system/libsystem_kernel.dylib
0x00000000062f5000 	/usr/lib/system/libsystem_platform.dylib
0x00000000062f5000 	/usr/lib/system/libsystem_pthread.dylib
0x00000000062f5000 	/usr/lib/system/libsystem_symptoms.dylib
0x00000000062f5000 	/usr/lib/system/libsystem_trace.dylib
0x00000000062f5000 	/usr/lib/system/libunwind.dylib
0x00000000062f5000 	/usr/lib/system/libxpc.dylib
0x00000000062f5000 	/usr/lib/libbsm.0.dylib
0x00000000062f5000 	/usr/lib/system/libkxld.dylib
0x00000000062f5000 	/System/Library/PrivateFrameworks/AppleFSCompression.framework/Versions/A/AppleFSCompression
0x00000000062f5000 	/usr/lib/libOpenScriptingUtil.dylib
0x00000000062f5000 	/usr/lib/libcoretls.dylib
0x00000000062f5000 	/usr/lib/libcoretls_cfhelpers.dylib
0x00000000062f5000 	/usr/lib/libpam.2.dylib
0x00000000062f5000 	/usr/lib/libsqlite3.dylib
0x00000000062f5000 	/usr/lib/libxar.1.dylib
0x00000000062f5000 	/usr/lib/libbz2.1.0.dylib
0x00000000062f5000 	/usr/lib/liblzma.5.dylib
0x00000000062f5000 	/usr/lib/libnetwork.dylib
0x00000000062f5000 	/usr/lib/libapple_nghttp2.dylib
0x00000000062f5000 	/usr/lib/libpcap.A.dylib
0x00000000062f5000 	/System/Library/Frameworks/CoreServices.framework/Versions/A/Frameworks/FSEvents.framework/Versions/A/FSEvents
0x00000000062f5000 	/System/Library/Frameworks/CoreServices.framework/Versions/A/Frameworks/CarbonCore.framework/Versions/A/CarbonCore
0x00000000062f5000 	/System/Library/Frameworks/CoreServices.framework/Versions/A/Frameworks/Metadata.framework/Versions/A/Metadata
0x00000000062f5000 	/System/Library/Frameworks/CoreServices.framework/Versions/A/Frameworks/OSServices.framework/Versions/A/OSServices
0x00000000062f5000 	/System/Library/Frameworks/CoreServices.framework/Versions/A/Frameworks/SearchKit.framework/Versions/A/SearchKit
0x00000000062f5000 	/System/Library/Frameworks/CoreServices.framework/Versions/A/Frameworks/AE.framework/Versions/A/AE
0x00000000062f5000 	/System/Library/Frameworks/CoreServices.framework/Versions/A/Frameworks/LaunchServices.framework/Versions/A/LaunchServices
0x00000000062f5000 	/System/Library/Frameworks/CoreServices.framework/Versions/A/Frameworks/DictionaryServices.framework/Versions/A/DictionaryServices
0x00000000062f5000 	/System/Library/Frameworks/CoreServices.framework/Versions/A/Frameworks/SharedFileList.framework/Versions/A/SharedFileList
0x00000000062f5000 	/System/Library/Frameworks/NetFS.framework/Versions/A/NetFS
0x00000000062f5000 	/System/Library/PrivateFrameworks/NetAuth.framework/Versions/A/NetAuth
0x00000000062f5000 	/System/Library/PrivateFrameworks/login.framework/Versions/A/Frameworks/loginsupport.framework/Versions/A/loginsupport
0x00000000062f5000 	/System/Library/PrivateFrameworks/TCC.framework/Versions/A/TCC
0x00000000062f5000 	/System/Library/PrivateFrameworks/CoreNLP.framework/Versions/A/CoreNLP
0x00000000062f5000 	/System/Library/PrivateFrameworks/MetadataUtilities.framework/Versions/A/MetadataUtilities
0x00000000062f5000 	/usr/lib/libmecabra.dylib
0x00000000062f5000 	/System/Library/Frameworks/ApplicationServices.framework/Versions/A/Frameworks/ATS.framework/Versions/A/ATS
0x00000000062f5000 	/System/Library/Frameworks/ApplicationServices.framework/Versions/A/Frameworks/ColorSyncLegacy.framework/Versions/A/ColorSyncLegacy
0x00000000062f5000 	/System/Library/Frameworks/ApplicationServices.framework/Versions/A/Frameworks/HIServices.framework/Versions/A/HIServices
0x00000000062f5000 	/System/Library/Frameworks/ApplicationServices.framework/Versions/A/Frameworks/LangAnalysis.framework/Versions/A/LangAnalysis
0x00000000062f5000 	/System/Library/Frameworks/ApplicationServices.framework/Versions/A/Frameworks/PrintCore.framework/Versions/A/PrintCore
0x00000000062f5000 	/System/Library/Frameworks/ApplicationServices.framework/Versions/A/Frameworks/QD.framework/Versions/A/QD
0x00000000062f5000 	/System/Library/Frameworks/ApplicationServices.framework/Versions/A/Frameworks/SpeechSynthesis.framework/Versions/A/SpeechSynthesis
0x00000000062f5000 	/usr/lib/libcompression.dylib
0x00000000062f5000 	/System/Library/Frameworks/CoreDisplay.framework/Versions/A/CoreDisplay
0x00000000062f5000 	/System/Library/Frameworks/MetalPerformanceShaders.framework/Versions/A/MetalPerformanceShaders
0x00000000062f5000 	/System/Library/Frameworks/Accelerate.framework/Versions/A/Frameworks/vImage.framework/Versions/A/vImage
0x00000000062f5000 	/System/Library/Frameworks/Accelerate.framework/Versions/A/Frameworks/vecLib.framework/Versions/A/vecLib
0x00000000062f5000 	/System/Library/Frameworks/Accelerate.framework/Versions/A/Frameworks/vecLib.framework/Versions/A/libvMisc.dylib
0x00000000062f5000 	/System/Library/Frameworks/Accelerate.framework/Versions/A/Frameworks/vecLib.framework/Versions/A/libvDSP.dylib
0x00000000062f5000 	/System/Library/Frameworks/Accelerate.framework/Versions/A/Frameworks/vecLib.framework/Versions/A/libBLAS.dylib
0x00000000062f5000 	/System/Library/Frameworks/Accelerate.framework/Versions/A/Frameworks/vecLib.framework/Versions/A/libLAPACK.dylib
0x00000000062f5000 	/System/Library/Frameworks/Accelerate.framework/Versions/A/Frameworks/vecLib.framework/Versions/A/libLinearAlgebra.dylib
0x00000000062f5000 	/System/Library/Frameworks/Accelerate.framework/Versions/A/Frameworks/vecLib.framework/Versions/A/libSparseBLAS.dylib
0x00000000062f5000 	/System/Library/Frameworks/Accelerate.framework/Versions/A/Frameworks/vecLib.framework/Versions/A/libQuadrature.dylib
0x00000000062f5000 	/System/Library/Frameworks/Accelerate.framework/Versions/A/Frameworks/vecLib.framework/Versions/A/libBNNS.dylib
0x00000000062f5000 	/System/Library/Frameworks/Accelerate.framework/Versions/A/Frameworks/vecLib.framework/Versions/A/libSparse.dylib
0x00000000062f5000 	/System/Library/PrivateFrameworks/GPUWrangler.framework/Versions/A/GPUWrangler
0x00000000062f5000 	/System/Library/PrivateFrameworks/IOAccelerator.framework/Versions/A/IOAccelerator
0x00000000062f5000 	/System/Library/PrivateFrameworks/IOPresentment.framework/Versions/A/IOPresentment
0x00000000062f5000 	/System/Library/PrivateFrameworks/DSExternalDisplay.framework/Versions/A/DSExternalDisplay
0x00000000062f5000 	/System/Library/Frameworks/OpenGL.framework/Versions/A/Libraries/libCoreFSCache.dylib
0x00000000062f5000 	/System/Library/Frameworks/MetalPerformanceShaders.framework/Frameworks/MPSCore.framework/Versions/A/MPSCore
0x00000000062f5000 	/System/Library/Frameworks/MetalPerformanceShaders.framework/Frameworks/MPSImage.framework/Versions/A/MPSImage
0x00000000062f5000 	/System/Library/Frameworks/MetalPerformanceShaders.framework/Frameworks/MPSNeuralNetwork.framework/Versions/A/MPSNeuralNetwork
0x00000000062f5000 	/System/Library/Frameworks/MetalPerformanceShaders.framework/Frameworks/MPSMatrix.framework/Versions/A/MPSMatrix
0x00000000062f5000 	/System/Library/Frameworks/MetalPerformanceShaders.framework/Frameworks/MPSRayIntersector.framework/Versions/A/MPSRayIntersector
0x00000000062f5000 	/System/Library/PrivateFrameworks/MetalTools.framework/Versions/A/MetalTools
0x00000000062f5000 	/System/Library/PrivateFrameworks/AggregateDictionary.framework/Versions/A/AggregateDictionary
0x00000000062f5000 	/usr/lib/libMobileGestalt.dylib
0x00000000062f5000 	/System/Library/Frameworks/CoreVideo.framework/Versions/A/CoreVideo
0x00000000062f5000 	/System/Library/PrivateFrameworks/GraphVisualizer.framework/Versions/A/GraphVisualizer
0x00000000062f5000 	/System/Library/PrivateFrameworks/FaceCore.framework/Versions/A/FaceCore
0x00000000062f5000 	/System/Library/Frameworks/OpenCL.framework/Versions/A/OpenCL
0x00000000062f5000 	/usr/lib/libFosl_dynamic.dylib
0x00000000062f5000 	/System/Library/PrivateFrameworks/OTSVG.framework/Versions/A/OTSVG
0x00000000062f5000 	/System/Library/Frameworks/ApplicationServices.framework/Versions/A/Frameworks/ATS.framework/Versions/A/Resources/libFontParser.dylib
0x00000000062f5000 	/System/Library/Frameworks/ApplicationServices.framework/Versions/A/Frameworks/ATS.framework/Versions/A/Resources/libFontRegistry.dylib
0x00000000062f5000 	/System/Library/Frameworks/ImageIO.framework/Versions/A/Resources/libJPEG.dylib
0x00000000062f5000 	/System/Library/Frameworks/ImageIO.framework/Versions/A/Resources/libTIFF.dylib
0x00000000062f5000 	/System/Library/Frameworks/ImageIO.framework/Versions/A/Resources/libPng.dylib
0x00000000062f5000 	/System/Library/Frameworks/ImageIO.framework/Versions/A/Resources/libGIF.dylib
0x00000000062f5000 	/System/Library/Frameworks/ImageIO.framework/Versions/A/Resources/libJP2.dylib
0x00000000062f5000 	/System/Library/Frameworks/ImageIO.framework/Versions/A/Resources/libRadiance.dylib
0x00000000062f5000 	/System/Library/PrivateFrameworks/AppleJPEG.framework/Versions/A/AppleJPEG
0x00000000062f5000 	/System/Library/Frameworks/OpenGL.framework/Versions/A/Libraries/libGFXShared.dylib
0x00000000062f5000 	/System/Library/Frameworks/OpenGL.framework/Versions/A/Libraries/libGLU.dylib
0x00000000062f5000 	/System/Library/Frameworks/OpenGL.framework/Versions/A/Libraries/libGL.dylib
0x00000000062f5000 	/System/Library/Frameworks/OpenGL.framework/Versions/A/Libraries/libGLImage.dylib
0x00000000062f5000 	/System/Library/Frameworks/OpenGL.framework/Versions/A/Libraries/libCVMSPluginSupport.dylib
0x00000000062f5000 	/System/Library/Frameworks/OpenGL.framework/Versions/A/Libraries/libCoreVMClient.dylib
0x00000000062f5000 	/usr/lib/libcups.2.dylib
0x00000000062f5000 	/System/Library/Frameworks/Kerberos.framework/Versions/A/Kerberos
0x00000000062f5000 	/System/Library/Frameworks/GSS.framework/Versions/A/GSS
0x00000000062f5000 	/usr/lib/libresolv.9.dylib
0x00000000062f5000 	/usr/lib/libiconv.2.dylib
0x00000000062f5000 	/System/Library/PrivateFrameworks/Heimdal.framework/Versions/A/Heimdal
0x00000000062f5000 	/usr/lib/libheimdal-asn1.dylib
0x00000000062f5000 	/System/Library/Frameworks/OpenDirectory.framework/Versions/A/OpenDirectory
0x00000000062f5000 	/System/Library/PrivateFrameworks/CommonAuth.framework/Versions/A/CommonAuth
0x00000000062f5000 	/System/Library/Frameworks/OpenDirectory.framework/Versions/A/Frameworks/CFOpenDirectory.framework/Versions/A/CFOpenDirectory
0x00000000062f5000 	/System/Library/Frameworks/SecurityFoundation.framework/Versions/A/SecurityFoundation
0x00000000062f5000 	/System/Library/PrivateFrameworks/APFS.framework/Versions/A/APFS
0x00000000062f5000 	/usr/lib/libutil.dylib
0x00000000062f5000 	/usr/lib/libcharset.1.dylib
0x00000000062f5000 	/System/Library/PrivateFrameworks/AppleSauce.framework/Versions/A/AppleSauce
0x00000000062f5000 	/System/Library/PrivateFrameworks/AssertionServices.framework/Versions/A/AssertionServices
0x00000000062f5000 	/System/Library/PrivateFrameworks/BaseBoard.framework/Versions/A/BaseBoard
0x00000000062f5000 	/usr/lib/libmecab.1.0.0.dylib
0x00000000062f5000 	/usr/lib/libgermantok.dylib
0x00000000062f5000 	/usr/lib/libThaiTokenizer.dylib
0x00000000062f5000 	/usr/lib/libChineseTokenizer.dylib
0x00000000062f5000 	/System/Library/PrivateFrameworks/LanguageModeling.framework/Versions/A/LanguageModeling
0x00000000062f5000 	/System/Library/PrivateFrameworks/CoreEmoji.framework/Versions/A/CoreEmoji
0x00000000062f5000 	/System/Library/PrivateFrameworks/Lexicon.framework/Versions/A/Lexicon
0x00000000062f5000 	/System/Library/PrivateFrameworks/LinguisticData.framework/Versions/A/LinguisticData
0x00000000062f5000 	/usr/lib/libcmph.dylib
0x00000000062f5000 	/System/Library/Frameworks/ServiceManagement.framework/Versions/A/ServiceManagement
0x00000000062f5000 	/System/Library/PrivateFrameworks/BackgroundTaskManagement.framework/Versions/A/BackgroundTaskManagement
0x00000000062f5000 	/usr/lib/libxslt.1.dylib
0x00000000062f5000 	/System/Library/Frameworks/Carbon.framework/Versions/A/Frameworks/Ink.framework/Versions/A/Ink
0x00000000062f5000 	/System/Library/PrivateFrameworks/TextureIO.framework/Versions/A/TextureIO
0x00000000062f5000 	/usr/lib/libate.dylib
0x00000000062f5000 	/System/Library/PrivateFrameworks/CrashReporterSupport.framework/Versions/A/CrashReporterSupport
0x00000000062f5000 	/System/Library/PrivateFrameworks/Sharing.framework/Versions/A/Sharing
0x00000000062f5000 	/System/Library/PrivateFrameworks/AuthKit.framework/Versions/A/AuthKit
0x00000000062f5000 	/System/Library/PrivateFrameworks/Apple80211.framework/Versions/A/Apple80211
0x00000000062f5000 	/System/Library/PrivateFrameworks/CoreUtils.framework/Versions/A/CoreUtils
0x00000000062f5000 	/System/Library/Frameworks/CoreWLAN.framework/Versions/A/CoreWLAN
0x00000000062f5000 	/System/Library/Frameworks/IOBluetooth.framework/Versions/A/IOBluetooth
0x00000000062f5000 	/System/Library/PrivateFrameworks/ProtocolBuffer.framework/Versions/A/ProtocolBuffer
0x00000000062f5000 	/System/Library/PrivateFrameworks/MobileKeyBag.framework/Versions/A/MobileKeyBag
0x00000000062f5000 	/System/Library/PrivateFrameworks/CorePhoneNumbers.framework/Versions/A/CorePhoneNumbers
0x00000000062f5000 	/System/Library/PrivateFrameworks/AppleIDAuthSupport.framework/Versions/A/AppleIDAuthSupport
0x00000000062f5000 	/System/Library/PrivateFrameworks/KeychainCircle.framework/Versions/A/KeychainCircle
0x00000000062f5000 	/System/Library/PrivateFrameworks/ROCKit.framework/Versions/A/ROCKit
0x00000000062f5000 	/System/Library/PrivateFrameworks/CoreWiFi.framework/Versions/A/CoreWiFi
0x00000000062f5000 	/System/Library/Frameworks/CoreBluetooth.framework/Versions/A/CoreBluetooth
0x00000000062f5000 	/System/Library/PrivateFrameworks/DebugSymbols.framework/Versions/A/DebugSymbols
0x00000000062f5000 	/System/Library/PrivateFrameworks/CoreSymbolication.framework/Versions/A/CoreSymbolication
0x00000000062f5000 	/System/Library/PrivateFrameworks/Symbolication.framework/Versions/A/Symbolication
0x00000000062f5000 	/System/Library/PrivateFrameworks/SpeechRecognitionCore.framework/Versions/A/SpeechRecognitionCore
0x000000010ea5d000 	/Applications/Android Studio 3.app/Contents/jre/jdk/Contents/Home/jre/lib/server/libjvm.dylib
0x00000000062f5000 	/usr/lib/libstdc++.6.dylib
0x000000010f4c5000 	/Applications/Android Studio 3.app/Contents/jre/jdk/Contents/Home/jre/lib/libverify.dylib
0x000000010f4d1000 	/Applications/Android Studio 3.app/Contents/jre/jdk/Contents/Home/jre/lib/libjava.dylib
0x000000010f506000 	/Applications/Android Studio 3.app/Contents/jre/jdk/Contents/Home/jre/lib/libinstrument.dylib
0x000000010f59f000 	/Applications/Android Studio 3.app/Contents/jre/jdk/Contents/Home/jre/lib/libzip.dylib
0x000000011676d000 	/Applications/Android Studio 3.app/Contents/jre/jdk/Contents/Home/jre/lib/libawt.dylib
0x0000000116811000 	/Applications/Android Studio 3.app/Contents/jre/jdk/Contents/Home/jre/lib/./libmlib_image.dylib
0x00000000062f5000 	/System/Library/Frameworks/JavaVM.framework/Versions/A/Frameworks/JavaNativeFoundation.framework/Versions/A/JavaNativeFoundation
0x00000000062f5000 	/System/Library/Frameworks/JavaVM.framework/Versions/A/Frameworks/JavaRuntimeSupport.framework/Versions/A/JavaRuntimeSupport
0x00000000062f5000 	/System/Library/Frameworks/JavaVM.framework/Versions/A/JavaVM
0x00000000062f5000 	/System/Library/PrivateFrameworks/JavaLaunching.framework/Versions/A/JavaLaunching
0x00000000062f5000 	/System/Library/Frameworks/Carbon.framework/Versions/A/Carbon
0x00000000062f5000 	/System/Library/Frameworks/Carbon.framework/Versions/A/Frameworks/CommonPanels.framework/Versions/A/CommonPanels
0x00000000062f5000 	/System/Library/Frameworks/Carbon.framework/Versions/A/Frameworks/Help.framework/Versions/A/Help
0x00000000062f5000 	/System/Library/Frameworks/Carbon.framework/Versions/A/Frameworks/ImageCapture.framework/Versions/A/ImageCapture
0x00000000062f5000 	/System/Library/Frameworks/Carbon.framework/Versions/A/Frameworks/OpenScripting.framework/Versions/A/OpenScripting
0x00000000062f5000 	/System/Library/Frameworks/Carbon.framework/Versions/A/Frameworks/Print.framework/Versions/A/Print
0x00000000062f5000 	/System/Library/Frameworks/Carbon.framework/Versions/A/Frameworks/SecurityHI.framework/Versions/A/SecurityHI
0x00000001168d0000 	/Applications/Android Studio 3.app/Contents/jre/jdk/Contents/Home/jre/lib/libawt_lwawt.dylib
0x000000011698d000 	/Applications/Android Studio 3.app/Contents/jre/jdk/Contents/Home/jre/lib/./libosxapp.dylib
0x00000000062f5000 	/System/Library/Frameworks/ExceptionHandling.framework/Versions/A/ExceptionHandling
0x00000000062f5000 	/System/Library/PrivateFrameworks/CoreServicesInternal.framework/Versions/A/CoreServicesInternal
0x00000000062f5000 	/System/Library/CoreServices/RawCamera.bundle/Contents/MacOS/RawCamera
0x00000000062f5000 	/System/Library/PrivateFrameworks/MobileAsset.framework/Versions/A/MobileAsset
0x00000000062f5000 	/System/Library/PrivateFrameworks/StreamingZip.framework/Versions/A/StreamingZip
0x00000000062f5000 	/System/Library/Frameworks/MediaToolbox.framework/Versions/A/MediaToolbox
0x00000000062f5000 	/System/Library/PrivateFrameworks/CoreAVCHD.framework/Versions/A/CoreAVCHD
0x00000000062f5000 	/System/Library/Frameworks/MediaAccessibility.framework/Versions/A/MediaAccessibility
0x00000000062f5000 	/System/Library/PrivateFrameworks/Mangrove.framework/Versions/A/Mangrove
0x00000000062f5000 	/System/Library/Frameworks/CoreMedia.framework/Versions/A/CoreMedia
0x00000000062f5000 	/System/Library/Frameworks/VideoToolbox.framework/Versions/A/VideoToolbox
0x00000000062f5000 	/System/Library/PrivateFrameworks/CoreAUC.framework/Versions/A/CoreAUC
0x00000000062f5000 	/usr/lib/libspindump.dylib
0x00000000062f5000 	/System/Library/PrivateFrameworks/AppleVA.framework/Versions/A/AppleVA
0x00000000062f5000 	/System/Library/Frameworks/Accelerate.framework/Versions/A/Frameworks/vImage.framework/Versions/A/Libraries/libCGInterfaces.dylib
0x00000000062f5000 	/System/Library/Frameworks/ApplicationServices.framework/Versions/A/Frameworks/ATS.framework/Versions/A/Resources/libTrueTypeScaler.dylib
0x00000000062f5000 	/System/Library/Extensions/AppleIntelBDWGraphicsMTLDriver.bundle/Contents/MacOS/AppleIntelBDWGraphicsMTLDriver
0x00000000062f5000 	/System/Library/PrivateFrameworks/GPUCompiler.framework/Versions/3902/Libraries/libmetal_timestamp.dylib
0x00000000062f5000 	/System/Library/PrivateFrameworks/ViewBridge.framework/Versions/A/ViewBridge
0x0000000129fd9000 	/Applications/Android Studio 3.app/Contents/jre/jdk/Contents/Home/jre/lib/libfontmanager.dylib
0x000000012a0df000 	/Applications/Android Studio 3.app/Contents/jre/jdk/Contents/Home/jre/lib/./libfreetype.dylib.6
0x000000012a1b5000 	/Applications/Android Studio 3.app/Contents/jre/jdk/Contents/Home/jre/lib/libosx.dylib
0x000000012a4af000 	/Applications/Android Studio 3.app/Contents/jre/jdk/Contents/Home/jre/lib/libnet.dylib
0x000000012a70e000 	/Applications/Android Studio 3.app/Contents/jre/jdk/Contents/Home/jre/lib/libnio.dylib

VM Arguments:
jvm_args: -javaagent:/git/google-cloud-sdk/platform/google_appengine/google/appengine/tools/java/lib/agent/appengine-agent.jar -Dappengine.sdk.root=/git/google-cloud-sdk/platform/google_appengine/google/appengine/tools/java 
java_command: com.google.appengine.tools.development.DevAppServerMain --allow_remote_shutdown --disable_update_check /Users/scopus/Documents/Study/ud867/FinalProject/backend/build/exploded-backend
java_class_path (initial): /git/google-cloud-sdk/platform/google_appengine/google/appengine/tools/java/lib/appengine-tools-api.jar:/git/google-cloud-sdk/platform/google_appengine/google/appengine/tools/java/lib/agent/appengine-agent.jar
Launcher Type: SUN_STANDARD

Environment Variables:
JAVA_HOME=/Applications/Android Studio 3.app/Contents/jre/jdk/Contents/Home/jre
PATH=/git/google-cloud-sdk/bin:/Users/scopus/Library/Android/sdk/platform-tools:/usr/local/bin:/usr/bin:/bin:/usr/sbin:/sbin:/Library/Frameworks/Mono.framework/Versions/Current/Commands:/Users/scopus/bin
SHELL=/bin/bash

Signal Handlers:
SIGSEGV: [libjvm.dylib+0x53f567], sa_mask[0]=11111111011111110111111111111111, sa_flags=SA_ONSTACK|SA_RESTART|SA_SIGINFO
SIGBUS: [libjvm.dylib+0x53f567], sa_mask[0]=11111111011111110111111111111111, sa_flags=SA_RESTART|SA_SIGINFO
SIGFPE: [libjvm.dylib+0x437adf], sa_mask[0]=11111111011111110111111111111111, sa_flags=SA_RESTART|SA_SIGINFO
SIGPIPE: [libjvm.dylib+0x437adf], sa_mask[0]=11111111011111110111111111111111, sa_flags=SA_RESTART|SA_SIGINFO
SIGXFSZ: [libjvm.dylib+0x437adf], sa_mask[0]=11111111011111110111111111111111, sa_flags=SA_RESTART|SA_SIGINFO
SIGILL: [libjvm.dylib+0x437adf], sa_mask[0]=11111111011111110111111111111111, sa_flags=SA_RESTART|SA_SIGINFO
SIGUSR1: SIG_DFL, sa_mask[0]=00000000000000000000000000000000, sa_flags=none
SIGUSR2: [libjvm.dylib+0x438404], sa_mask[0]=00100000000000000000000000000000, sa_flags=SA_RESTART|SA_SIGINFO
SIGHUP: [libjvm.dylib+0x4365f9], sa_mask[0]=11111111011111110111111111111111, sa_flags=SA_RESTART|SA_SIGINFO
SIGINT: [libjvm.dylib+0x4365f9], sa_mask[0]=11111111011111110111111111111111, sa_flags=SA_RESTART|SA_SIGINFO
SIGTERM: [libjvm.dylib+0x4365f9], sa_mask[0]=11111111011111110111111111111111, sa_flags=SA_RESTART|SA_SIGINFO
SIGQUIT: [libjvm.dylib+0x4365f9], sa_mask[0]=11111111011111110111111111111111, sa_flags=SA_RESTART|SA_SIGINFO


---------------  S Y S T E M  ---------------

OS:Bsduname:Darwin 18.2.0 Darwin Kernel Version 18.2.0: Thu Dec 20 20:46:53 PST 2018; root:xnu-4903.241.1~1/RELEASE_X86_64 x86_64
rlimit: STACK 8192k, CORE 0k, NPROC 709, NOFILE 10240, AS infinity
load average:3.35 2.40 2.10

CPU:total 4 (initial active 4) (2 cores per cpu, 2 threads per core) family 6 model 61 stepping 4, cmov, cx8, fxsr, mmx, sse, sse2, sse3, ssse3, sse4.1, sse4.2, popcnt, avx, avx2, aes, clmul, erms, 3dnowpref, lzcnt, ht, tsc, tscinvbit, bmi1, bmi2, adx

Memory: 4k page, physical 8388608k(44932k free)

/proc/meminfo:


vm_info: OpenJDK 64-Bit Server VM (25.152-b01) for bsd-amd64 JRE (1.8.0_152-release-1024-b01), built by "builder" with gcc 4.2.1 Compatible Apple LLVM 8.1.0 (clang-802.0.42)

time: Mon Mar 11 17:51:26 2019
elapsed time: 46018 seconds (0d 12h 46m 58s)

